[0mCompiling "resources/public/js/dev.js" from ["src/instatube/cljs"]...[0m
[32mSuccessfully compiled "resources/public/js/dev.js" in 0.188 seconds.[0m
notifying browser that file changed:  resources/public/js/dev.js
notifying browser that file changed:  resources/public/js/cljs-dev/goog/deps.js
notifying browser that file changed:  resources/public/js/cljs-dev/instatube/core.js
[0mCompiling "resources/public/js/dev.js" from ["src/instatube/cljs"]...[0m
[32mSuccessfully compiled "resources/public/js/dev.js" in 0.207 seconds.[0m
notifying browser that file changed:  resources/public/js/cljs-dev/instatube/core.js
[0mCompiling "resources/public/js/dev.js" from ["src/instatube/cljs"]...[0m
[32mSuccessfully compiled "resources/public/js/dev.js" in 1.092 seconds.[0m
notifying browser that file changed:  resources/public/js/dev.js
notifying browser that file changed:  resources/public/js/cljs-dev/instatube/core.js
[0mCompiling "resources/public/js/dev.js" from ["src/instatube/cljs"]...[0m
[32mSuccessfully compiled "resources/public/js/dev.js" in 0.252 seconds.[0m
notifying browser that file changed:  resources/public/js/cljs-dev/instatube/core.js
[0mCompiling "resources/public/js/dev.js" from ["src/instatube/cljs"]...[0m
[32mSuccessfully compiled "resources/public/js/dev.js" in 0.216 seconds.[0m
notifying browser that file changed:  resources/public/js/cljs-dev/instatube/core.js
[0mCompiling "resources/public/js/dev.js" from ["src/instatube/cljs"]...[0m
[32mSuccessfully compiled "resources/public/js/dev.js" in 0.193 seconds.[0m
[0mCompiling "resources/public/js/dev.js" from ["src/instatube/cljs"]...[0m
[32mSuccessfully compiled "resources/public/js/dev.js" in 0.191 seconds.[0m
notifying browser that file changed:  resources/public/js/dev.js
notifying browser that file changed:  resources/public/js/cljs-dev/instatube/nav.js
[0mCompiling "resources/public/js/dev.js" from ["src/instatube/cljs"]...[0m
[32mSuccessfully compiled "resources/public/js/dev.js" in 0.222 seconds.[0m
notifying browser that file changed:  resources/public/js/dev.js
notifying browser that file changed:  resources/public/js/cljs-dev/instatube/nav.js
[0mCompiling "resources/public/js/dev.js" from ["src/instatube/cljs"]...[0m
[32mSuccessfully compiled "resources/public/js/dev.js" in 0.244 seconds.[0m
notifying browser that file changed:  resources/public/js/dev.js
notifying browser that file changed:  resources/public/js/cljs-dev/instatube/core.js
[0mCompiling "resources/public/js/dev.js" from ["src/instatube/cljs"]...[0m
[36m----  Compiler Warning on   src/instatube/cljs/core.cljs   line:50  column:7  ----[0m

  [1mUse of undeclared Var instatube.core/nav-item[0m

  [36m46[0m  [36m   [:div {:class "collapse navbar-collapse" :id "navbarSupportedContent"}[0m
  [36m47[0m  [36m    [0m
  [36m48[0m  [36m    [:ul {:class "navbar-nav mr-auto"}[0m
  [36m49[0m  [36m[0m
  [33m50[0m  [1m     [nav-item EVENTCHANNEL "Home" (:active-item @app-state)][0m
  [0m  [0m  [33m      ^--- Use of undeclared Var instatube.core/nav-item[0m
  [36m51[0m  [36m     [nav-item EVENTCHANNEL "About" (:active-item @app-state)][0m
  [36m52[0m  [36m     [nav-item EVENTCHANNEL "Terms" (:active-item @app-state)]][0m
  [36m53[0m  [36m    [0m
  [36m54[0m  [36m    [:ul {:class "navbar-nav"}[0m
  [36m55[0m  [36m     [nav-item EVENTCHANNEL "About" (:active-item @app-state)]]]])[0m

[36m----  Compiler Warning : Please see src/instatube/cljs/core.cljs  ----[0m
[36m----  Compiler Warning on   src/instatube/cljs/core.cljs   line:51  column:7  ----[0m

  [1mUse of undeclared Var instatube.core/nav-item[0m

  [36m48[0m  [36m    [:ul {:class "navbar-nav mr-auto"}[0m
  [36m49[0m  [36m[0m
  [36m50[0m  [36m     [nav-item EVENTCHANNEL "Home" (:active-item @app-state)][0m
  [33m51[0m  [1m     [nav-item EVENTCHANNEL "About" (:active-item @app-state)][0m
  [0m  [0m  [33m      ^--- Use of undeclared Var instatube.core/nav-item[0m
  [36m52[0m  [36m     [nav-item EVENTCHANNEL "Terms" (:active-item @app-state)]][0m
  [36m53[0m  [36m    [0m
  [36m54[0m  [36m    [:ul {:class "navbar-nav"}[0m
  [36m55[0m  [36m     [nav-item EVENTCHANNEL "About" (:active-item @app-state)]]]])[0m

[36m----  Compiler Warning : Please see src/instatube/cljs/core.cljs  ----[0m
[36m----  Compiler Warning on   src/instatube/cljs/core.cljs   line:52  column:7  ----[0m

  [1mUse of undeclared Var instatube.core/nav-item[0m

  [36m48[0m  [36m    [:ul {:class "navbar-nav mr-auto"}[0m
  [36m49[0m  [36m[0m
  [36m50[0m  [36m     [nav-item EVENTCHANNEL "Home" (:active-item @app-state)][0m
  [36m51[0m  [36m     [nav-item EVENTCHANNEL "About" (:active-item @app-state)][0m
  [33m52[0m  [1m     [nav-item EVENTCHANNEL "Terms" (:active-item @app-state)]][0m
  [0m  [0m  [33m      ^--- Use of undeclared Var instatube.core/nav-item[0m
  [36m53[0m  [36m    [0m
  [36m54[0m  [36m    [:ul {:class "navbar-nav"}[0m
  [36m55[0m  [36m     [nav-item EVENTCHANNEL "About" (:active-item @app-state)]]]])[0m

[36m----  Compiler Warning : Please see src/instatube/cljs/core.cljs  ----[0m
[36m----  Compiler Warning on   src/instatube/cljs/core.cljs   line:55  column:7  ----[0m

  [1mUse of undeclared Var instatube.core/nav-item[0m

  [36m51[0m  [36m [nav-item EVENTCHANNEL "About" (:active-item @app-state)][0m
  [36m52[0m  [36m [nav-item EVENTCHANNEL "Terms" (:active-item @app-state)]][0m
  [36m53[0m  [36m[0m
  [36m54[0m  [36m[:ul {:class "navbar-nav"}[0m
  [33m55[0m  [1m [nav-item EVENTCHANNEL "About" (:active-item @app-state)]]]])[0m
  [0m  [0m  [33m  ^--- Use of undeclared Var instatube.core/nav-item[0m

[36m----  Compiler Warning : Please see src/instatube/cljs/core.cljs  ----[0m
[32mSuccessfully compiled "resources/public/js/dev.js" in 0.298 seconds.[0m
notifying browser that file changed:  resources/public/js/cljs-dev/instatube/core.js
[0mCompiling "resources/public/js/dev.js" from ["src/instatube/cljs"]...[0m
[32mSuccessfully compiled "resources/public/js/dev.js" in 0.209 seconds.[0m
notifying browser that file changed:  resources/public/js/cljs-dev/instatube/core.js
[0mCompiling "resources/public/js/dev.js" from ["src/instatube/cljs"]...[0m
[32mSuccessfully compiled "resources/public/js/dev.js" in 0.21 seconds.[0m
notifying browser that file changed:  resources/public/js/cljs-dev/instatube/core.js
[0mCompiling "resources/public/js/dev.js" from ["src/instatube/cljs"]...[0m
[32mSuccessfully compiled "resources/public/js/dev.js" in 0.232 seconds.[0m
notifying browser that file changed:  resources/public/js/cljs-dev/instatube/core.js
[0mCompiling "resources/public/js/dev.js" from ["src/instatube/cljs"]...[0m
[32mSuccessfully compiled "resources/public/js/dev.js" in 0.211 seconds.[0m
notifying browser that file changed:  resources/public/js/cljs-dev/instatube/core.js
[0mCompiling "resources/public/js/dev.js" from ["src/instatube/cljs"]...[0m
[32mSuccessfully compiled "resources/public/js/dev.js" in 0.211 seconds.[0m
notifying browser that file changed:  resources/public/js/cljs-dev/instatube/core.js
[0mCompiling "resources/public/js/dev.js" from ["src/instatube/cljs"]...[0m
[32mSuccessfully compiled "resources/public/js/dev.js" in 0.206 seconds.[0m
notifying browser that file changed:  resources/public/js/cljs-dev/instatube/core.js
Notifying browser that CSS file changed: resources/public/css/style.css
[0mCompiling "resources/public/js/dev.js" from ["src/instatube/cljs"]...[0m
[32mSuccessfully compiled "resources/public/js/dev.js" in 0.225 seconds.[0m
notifying browser that file changed:  resources/public/js/cljs-dev/instatube/core.js
Notifying browser that CSS file changed: resources/public/css/style.css
Notifying browser that CSS file changed: resources/public/css/style.css
Notifying browser that CSS file changed: resources/public/css/style.css
[0mCompiling "resources/public/js/dev.js" from ["src/instatube/cljs"]...[0m
[32mSuccessfully compiled "resources/public/js/dev.js" in 0.216 seconds.[0m
notifying browser that file changed:  resources/public/js/cljs-dev/instatube/core.js
[0mCompiling "resources/public/js/dev.js" from ["src/instatube/cljs"]...[0m
[32mSuccessfully compiled "resources/public/js/dev.js" in 0.182 seconds.[0m
[0mCompiling "resources/public/js/dev.js" from ["src/instatube/cljs"]...[0m
[31mFailed to compile "resources/public/js/dev.js" in 0.15 seconds.[0m
[36m----  Could not Analyze  src/instatube/cljs/core.cljs  ----[0m

  [1mNo such namespace: instatube.header, could not locate instatube/header.cljs, instatube/header.cljc, or JavaScript source providing "instatube.header" [0m

[36m----  Analysis Error : Please see src/instatube/cljs/core.cljs  ----[0m
[0mCompiling "resources/public/js/dev.js" from ["src/instatube/cljs"]...[0m
[32mSuccessfully compiled "resources/public/js/dev.js" in 0.216 seconds.[0m
notifying browser that file changed:  resources/public/js/dev.js
notifying browser that file changed:  resources/public/js/cljs-dev/instatube/header.js
[0mCompiling "resources/public/js/dev.js" from ["src/instatube/cljs"]...[0m
[32mSuccessfully compiled "resources/public/js/dev.js" in 0.228 seconds.[0m
notifying browser that file changed:  resources/public/js/cljs-dev/instatube/core.js
[0mCompiling "resources/public/js/dev.js" from ["src/instatube/cljs"]...[0m
[32mSuccessfully compiled "resources/public/js/dev.js" in 0.215 seconds.[0m
notifying browser that file changed:  resources/public/js/cljs-dev/instatube/core.js
[0mCompiling "resources/public/js/dev.js" from ["src/instatube/cljs"]...[0m
[32mSuccessfully compiled "resources/public/js/dev.js" in 0.206 seconds.[0m
notifying browser that file changed:  resources/public/js/cljs-dev/instatube/core.js
[0mCompiling "resources/public/js/dev.js" from ["src/instatube/cljs"]...[0m
[31mFailed to compile "resources/public/js/dev.js" in 0.072 seconds.[0m
[36m----  Exception    ----[0m

  [1mAssert failed: file:/home/mohamed/workspace/clojure/cljs/instatube/src/instatube/cljs/search_bar.cljs does not provide a namespace
(first provides)[0m

[36m----  Exception Stack Trace  ----[0m

java.lang.AssertionError: Assert failed: file:/home/mohamed/workspace/clojure/cljs/instatube/src/instatube/cljs/search_bar.cljs does not provide a namespace
(first provides)
 at cljs.closure$javascript_file.invokeStatic (closure.clj:439)
    cljs.closure$javascript_file.invoke (closure.clj:435)
    cljs.closure$map__GT_javascript_file.invokeStatic (closure.clj:444)
    cljs.closure$map__GT_javascript_file.invoke (closure.clj:442)
    cljs.closure$compiled_file.invokeStatic (closure.clj:511)
    cljs.closure$compiled_file.invoke (closure.clj:503)
    cljs.closure$compile_file.invokeStatic (closure.clj:532)
    cljs.closure$compile_file.invoke (closure.clj:523)
    cljs.closure$eval14792$fn__14793.invoke (closure.clj:601)
    cljs.closure$eval14728$fn__14729$G__14717__14736.invoke (closure.clj:485)
    cljs.closure$compile_sources$iter__14916__14920$fn__14921.invoke (closure.clj:946)
    clojure.lang.LazySeq.sval (LazySeq.java:40)
    clojure.lang.LazySeq.seq (LazySeq.java:49)
    clojure.lang.Cons.next (Cons.java:39)
    clojure.lang.RT.next (RT.java:688)
    clojure.core$next__4341.invokeStatic (core.clj:64)
    clojure.core$dorun.invokeStatic (core.clj:3033)
    clojure.core$doall.invokeStatic (core.clj:3039)
    clojure.core$doall.invoke (core.clj:3039)
    cljs.closure$compile_sources.invokeStatic (closure.clj:942)
    cljs.closure$compile_sources.invoke (closure.clj:931)
    cljs.closure$build.invokeStatic (closure.clj:2537)
    cljs.closure$build.invoke (closure.clj:2453)
    cljs.build.api$build.invokeStatic (api.clj:205)
    cljs.build.api$build.invoke (api.clj:189)
    figwheel_sidecar.components.cljs_autobuild$cljs_build.invokeStatic (cljs_autobuild.clj:28)
    figwheel_sidecar.components.cljs_autobuild$cljs_build.invoke (cljs_autobuild.clj:27)
    figwheel_sidecar.build_middleware.injection$hook$fn__27017.invoke (injection.clj:197)
    figwheel_sidecar.components.cljs_autobuild$notify_command_hook$fn__27391.invoke (cljs_autobuild.clj:68)
    figwheel_sidecar.components.cljs_autobuild$figwheel_start_and_end_messages$fn__27383.invoke (cljs_autobuild.clj:48)
    figwheel_sidecar.build_middleware.notifications$hook$fn__27252.invoke (notifications.clj:179)
    figwheel_sidecar.build_middleware.clj_reloading$hook$fn__27309.invoke (clj_reloading.clj:111)
    figwheel_sidecar.build_middleware.javascript_reloading$hook$fn__27342.invoke (javascript_reloading.clj:48)
    figwheel_sidecar.components.cljs_autobuild$color_output$fn__27395.invoke (cljs_autobuild.clj:79)
    figwheel_sidecar.components.cljs_autobuild$execute_build$fn__27436.invoke (cljs_autobuild.clj:231)
    figwheel_sidecar.utils$sync_exec$fn__3059$fn__3060.invoke (utils.clj:13)
    figwheel_sidecar.utils$sync_exec$fn__3059.invoke (utils.clj:12)
    clojure.core$binding_conveyor_fn$fn__4676.invoke (core.clj:1941)
    clojure.lang.AFn.applyToHelper (AFn.java:154)
    clojure.lang.RestFn.applyTo (RestFn.java:132)
    clojure.lang.Agent$Action.doRun (Agent.java:114)
    clojure.lang.Agent$Action.run (Agent.java:163)
    java.util.concurrent.ThreadPoolExecutor.runWorker (ThreadPoolExecutor.java:1149)
    java.util.concurrent.ThreadPoolExecutor$Worker.run (ThreadPoolExecutor.java:624)
    java.lang.Thread.run (Thread.java:748)

[0mCompiling "resources/public/js/dev.js" from ["src/instatube/cljs"]...[0m
[32mSuccessfully compiled "resources/public/js/dev.js" in 0.196 seconds.[0m
notifying browser that file changed:  resources/public/js/dev.js
notifying browser that file changed:  resources/public/js/cljs-dev/instatube/search_bar.js
[0mCompiling "resources/public/js/dev.js" from ["src/instatube/cljs"]...[0m
[31mFailed to compile "resources/public/js/dev.js" in 0.117 seconds.[0m
[36m----  Could not Analyze  src/instatube/cljs/header.cljs  ----[0m

  [1mInvalid :refer, var instatube.search-bar/search-bar does not exist [0m

[36m----  Analysis Error : Please see src/instatube/cljs/header.cljs  ----[0m
[0mCompiling "resources/public/js/dev.js" from ["src/instatube/cljs"]...[0m
[32mSuccessfully compiled "resources/public/js/dev.js" in 0.217 seconds.[0m
notifying browser that file changed:  resources/public/js/dev.js
notifying browser that file changed:  resources/public/js/cljs-dev/instatube/search_bar.js
[0mCompiling "resources/public/js/dev.js" from ["src/instatube/cljs"]...[0m
[32mSuccessfully compiled "resources/public/js/dev.js" in 0.217 seconds.[0m
notifying browser that file changed:  resources/public/js/cljs-dev/instatube/header.js
[0mCompiling "resources/public/js/dev.js" from ["src/instatube/cljs"]...[0m
[32mSuccessfully compiled "resources/public/js/dev.js" in 0.235 seconds.[0m
notifying browser that file changed:  resources/public/js/cljs-dev/instatube/search_bar.js
[0mCompiling "resources/public/js/dev.js" from ["src/instatube/cljs"]...[0m
[32mSuccessfully compiled "resources/public/js/dev.js" in 0.219 seconds.[0m
notifying browser that file changed:  resources/public/js/cljs-dev/instatube/search_bar.js
[0mCompiling "resources/public/js/dev.js" from ["src/instatube/cljs"]...[0m
[32mSuccessfully compiled "resources/public/js/dev.js" in 0.218 seconds.[0m
notifying browser that file changed:  resources/public/js/cljs-dev/instatube/search_bar.js
[0mCompiling "resources/public/js/dev.js" from ["src/instatube/cljs"]...[0m
[32mSuccessfully compiled "resources/public/js/dev.js" in 0.219 seconds.[0m
notifying browser that file changed:  resources/public/js/dev.js
notifying browser that file changed:  resources/public/js/cljs-dev/instatube/search_bar.js
[0mCompiling "resources/public/js/dev.js" from ["src/instatube/cljs"]...[0m
[32mSuccessfully compiled "resources/public/js/dev.js" in 0.224 seconds.[0m
notifying browser that file changed:  resources/public/js/cljs-dev/instatube/core.js
[0mCompiling "resources/public/js/dev.js" from ["src/instatube/cljs"]...[0m
[32mSuccessfully compiled "resources/public/js/dev.js" in 0.283 seconds.[0m
notifying browser that file changed:  resources/public/js/dev.js
notifying browser that file changed:  resources/public/js/cljs-dev/goog/deps.js
notifying browser that file changed:  resources/public/js/cljs-dev/instatube/core.js
[0mCompiling "resources/public/js/dev.js" from ["src/instatube/cljs"]...[0m
[32mSuccessfully compiled "resources/public/js/dev.js" in 0.271 seconds.[0m
notifying browser that file changed:  resources/public/js/cljs-dev/instatube/core.js
[0mCompiling "resources/public/js/dev.js" from ["src/instatube/cljs"]...[0m
[32mSuccessfully compiled "resources/public/js/dev.js" in 0.266 seconds.[0m
notifying browser that file changed:  resources/public/js/cljs-dev/instatube/search_bar.js
[0mCompiling "resources/public/js/dev.js" from ["src/instatube/cljs"]...[0m
[32mSuccessfully compiled "resources/public/js/dev.js" in 0.224 seconds.[0m
notifying browser that file changed:  resources/public/js/cljs-dev/instatube/core.js
[0mCompiling "resources/public/js/dev.js" from ["src/instatube/cljs"]...[0m
[31mFailed to compile "resources/public/js/dev.js" in 0.186 seconds.[0m
[36m----  Could not Analyze  src/instatube/cljs/core.cljs  ----[0m

  [1mNo such namespace: ajax.core, could not locate ajax/core.cljs, ajax/core.cljc, or JavaScript source providing "ajax.core" [0m

[36m----  Analysis Error : Please see src/instatube/cljs/core.cljs  ----[0m
[0mCompiling "resources/public/js/dev.js" from ["src/instatube/cljs"]...[0m
[32mSuccessfully compiled "resources/public/js/dev.js" in 0.337 seconds.[0m
notifying browser that file changed:  resources/public/js/dev.js
notifying browser that file changed:  resources/public/js/cljs-dev/goog/deps.js
notifying browser that file changed:  resources/public/js/cljs-dev/instatube/core.js
[0mCompiling "resources/public/js/dev.js" from ["src/instatube/cljs"]...[0m
[32mSuccessfully compiled "resources/public/js/dev.js" in 0.335 seconds.[0m
notifying browser that file changed:  resources/public/js/cljs-dev/instatube/header.js
[0mCompiling "resources/public/js/dev.js" from ["src/instatube/cljs"]...[0m
[32mSuccessfully compiled "resources/public/js/dev.js" in 0.33 seconds.[0m
notifying browser that file changed:  resources/public/js/cljs-dev/instatube/search_bar.js
[0mCompiling "resources/public/js/dev.js" from ["src/instatube/cljs"]...[0m
[36m----  Compiler Warning on   src/instatube/cljs/core.cljs   line:30  column:38  ----[0m

  [1mUse of undeclared Var instatube.core/term[0m

  [36m26[0m  [36m   ;; handles the onChange event fro the search bar[0m
  [36m27[0m  [36m   :update-search-term (fn [{:keys [term]}][0m
  [36m28[0m  [36m                         (swap! app-state assoc-in [:term] term))[0m
  [36m29[0m  [36m[0m
  [33m30[0m  [1m   :query-youtube-search (fn [{:key [term]}][0m
  [0m  [0m  [33m                                     ^--- Use of undeclared Var instatube.core/term[0m
  [36m31[0m  [36m                           (ajax/GET[0m
  [36m32[0m  [36m                            (str "https://www.googleapis.com/youtube/v3/search?q=" term[0m
  [36m33[0m  [36m                                 "&maxResults=25&part=snippet&key=" YOUTUBE_API_KEY)))})[0m
  [36m34[0m  [36m[0m
  [36m35[0m  [36m;; event loop[0m

[36m----  Compiler Warning : Please see src/instatube/cljs/core.cljs  ----[0m
[36m----  Compiler Warning on   src/instatube/cljs/core.cljs   line:32  column:84  ----[0m

  [1mUse of undeclared Var instatube.core/term[0m

  [36m28[0m  [36m                         (swap! app-state assoc-in [:term] term))[0m
  [36m29[0m  [36m[0m
  [36m30[0m  [36m   :query-youtube-search (fn [{:key [term]}][0m
  [36m31[0m  [36m                           (ajax/GET[0m
  [33m32[0m  [1m                            (str "https://www.googleapis.com/youtube/v3/search?q=" term[0m
  [0m  [0m  [33m                                                                                   ^--- Use of undeclared Var instatube.core/term[0m
  [36m33[0m  [36m                                 "&maxResults=25&part=snippet&key=" YOUTUBE_API_KEY)))})[0m
  [36m34[0m  [36m[0m
  [36m35[0m  [36m;; event loop[0m
  [36m36[0m  [36m(go[0m
  [36m37[0m  [36m  (while true[0m

[36m----  Compiler Warning : Please see src/instatube/cljs/core.cljs  ----[0m
[32mSuccessfully compiled "resources/public/js/dev.js" in 0.371 seconds.[0m
notifying browser that file changed:  resources/public/js/cljs-dev/instatube/core.js
[0mCompiling "resources/public/js/dev.js" from ["src/instatube/cljs"]...[0m
[36m----  Compiler Warning on   src/instatube/cljs/core.cljs   line:30  column:38  ----[0m

  [1mUse of undeclared Var instatube.core/term[0m

  [36m26[0m  [36m   ;; handles the onChange event fro the search bar[0m
  [36m27[0m  [36m   :update-search-term (fn [{:keys [term]}][0m
  [36m28[0m  [36m                         (swap! app-state assoc-in [:term] term))[0m
  [36m29[0m  [36m[0m
  [33m30[0m  [1m   :query-youtube-search (fn [{:key [term]}][0m
  [0m  [0m  [33m                                     ^--- Use of undeclared Var instatube.core/term[0m
  [36m31[0m  [36m                           (ajax/GET[0m
  [36m32[0m  [36m                            (str "https://www.googleapis.com/youtube/v3/search?q=" term[0m
  [36m33[0m  [36m                                 "&maxResults=25&part=snippet&key=" YOUTUBE_API_KEY)))})[0m
  [36m34[0m  [36m[0m
  [36m35[0m  [36m;; event loop[0m

[36m----  Compiler Warning : Please see src/instatube/cljs/core.cljs  ----[0m
[36m----  Compiler Warning on   src/instatube/cljs/core.cljs   line:32  column:84  ----[0m

  [1mUse of undeclared Var instatube.core/term[0m

  [36m28[0m  [36m                         (swap! app-state assoc-in [:term] term))[0m
  [36m29[0m  [36m[0m
  [36m30[0m  [36m   :query-youtube-search (fn [{:key [term]}][0m
  [36m31[0m  [36m                           (ajax/GET[0m
  [33m32[0m  [1m                            (str "https://www.googleapis.com/youtube/v3/search?q=" term[0m
  [0m  [0m  [33m                                                                                   ^--- Use of undeclared Var instatube.core/term[0m
  [36m33[0m  [36m                                 "&maxResults=25&part=snippet&key=" YOUTUBE_API_KEY)))})[0m
  [36m34[0m  [36m[0m
  [36m35[0m  [36m;; event loop[0m
  [36m36[0m  [36m(go[0m
  [36m37[0m  [36m  (while true[0m

[36m----  Compiler Warning : Please see src/instatube/cljs/core.cljs  ----[0m
[32mSuccessfully compiled "resources/public/js/dev.js" in 0.362 seconds.[0m
notifying browser that file changed:  resources/public/js/cljs-dev/instatube/core.js
[0mCompiling "resources/public/js/dev.js" from ["src/instatube/cljs"]...[0m
[32mSuccessfully compiled "resources/public/js/dev.js" in 0.31 seconds.[0m
notifying browser that file changed:  resources/public/js/cljs-dev/instatube/core.js
[0mCompiling "resources/public/js/dev.js" from ["src/instatube/cljs"]...[0m
[32mSuccessfully compiled "resources/public/js/dev.js" in 0.322 seconds.[0m
notifying browser that file changed:  resources/public/js/cljs-dev/instatube/search_bar.js
[0mCompiling "resources/public/js/dev.js" from ["src/instatube/cljs"]...[0m
[32mSuccessfully compiled "resources/public/js/dev.js" in 0.324 seconds.[0m
notifying browser that file changed:  resources/public/js/cljs-dev/instatube/core.js
[0mCompiling "resources/public/js/dev.js" from ["src/instatube/cljs"]...[0m
[32mSuccessfully compiled "resources/public/js/dev.js" in 0.295 seconds.[0m
notifying browser that file changed:  resources/public/js/cljs-dev/instatube/core.js
[0mCompiling "resources/public/js/dev.js" from ["src/instatube/cljs"]...[0m
[32mSuccessfully compiled "resources/public/js/dev.js" in 0.289 seconds.[0m
notifying browser that file changed:  resources/public/js/cljs-dev/instatube/core.js
[0mCompiling "resources/public/js/dev.js" from ["src/instatube/cljs"]...[0m
[32mSuccessfully compiled "resources/public/js/dev.js" in 0.319 seconds.[0m
notifying browser that file changed:  resources/public/js/cljs-dev/instatube/core.js
[0mCompiling "resources/public/js/dev.js" from ["src/instatube/cljs"]...[0m
[32mSuccessfully compiled "resources/public/js/dev.js" in 0.29 seconds.[0m
notifying browser that file changed:  resources/public/js/cljs-dev/instatube/core.js
[0mCompiling "resources/public/js/dev.js" from ["src/instatube/cljs"]...[0m
[32mSuccessfully compiled "resources/public/js/dev.js" in 0.292 seconds.[0m
notifying browser that file changed:  resources/public/js/cljs-dev/instatube/core.js
[0mCompiling "resources/public/js/dev.js" from ["src/instatube/cljs"]...[0m
[32mSuccessfully compiled "resources/public/js/dev.js" in 0.298 seconds.[0m
notifying browser that file changed:  resources/public/js/cljs-dev/instatube/core.js
[0mCompiling "resources/public/js/dev.js" from ["src/instatube/cljs"]...[0m
[32mSuccessfully compiled "resources/public/js/dev.js" in 0.32 seconds.[0m
notifying browser that file changed:  resources/public/js/cljs-dev/instatube/core.js
[0mCompiling "resources/public/js/dev.js" from ["src/instatube/cljs"]...[0m
[32mSuccessfully compiled "resources/public/js/dev.js" in 0.314 seconds.[0m
notifying browser that file changed:  resources/public/js/cljs-dev/instatube/core.js
[0mCompiling "resources/public/js/dev.js" from ["src/instatube/cljs"]...[0m
[32mSuccessfully compiled "resources/public/js/dev.js" in 0.299 seconds.[0m
notifying browser that file changed:  resources/public/js/cljs-dev/instatube/core.js
[0mCompiling "resources/public/js/dev.js" from ["src/instatube/cljs"]...[0m
[32mSuccessfully compiled "resources/public/js/dev.js" in 0.312 seconds.[0m
notifying browser that file changed:  resources/public/js/cljs-dev/instatube/core.js
[0mCompiling "resources/public/js/dev.js" from ["src/instatube/cljs"]...[0m
[32mSuccessfully compiled "resources/public/js/dev.js" in 0.294 seconds.[0m
notifying browser that file changed:  resources/public/js/cljs-dev/instatube/core.js
[0mCompiling "resources/public/js/dev.js" from ["src/instatube/cljs"]...[0m
[32mSuccessfully compiled "resources/public/js/dev.js" in 0.293 seconds.[0m
notifying browser that file changed:  resources/public/js/cljs-dev/instatube/core.js
[0mCompiling "resources/public/js/dev.js" from ["src/instatube/cljs"]...[0m
[32mSuccessfully compiled "resources/public/js/dev.js" in 0.329 seconds.[0m
notifying browser that file changed:  resources/public/js/cljs-dev/instatube/core.js
[0mCompiling "resources/public/js/dev.js" from ["src/instatube/cljs"]...[0m
[32mSuccessfully compiled "resources/public/js/dev.js" in 0.307 seconds.[0m
notifying browser that file changed:  resources/public/js/cljs-dev/instatube/core.js
Notifying browser that CSS file changed: resources/public/css/style.css
Notifying browser that CSS file changed: resources/public/css/style.css
Notifying browser that CSS file changed: resources/public/css/style.css
Notifying browser that CSS file changed: resources/public/css/style.css
[0mCompiling "resources/public/js/dev.js" from ["src/instatube/cljs"]...[0m
[32mSuccessfully compiled "resources/public/js/dev.js" in 0.403 seconds.[0m
notifying browser that file changed:  resources/public/js/cljs-dev/instatube/header.js
Notifying browser that CSS file changed: resources/public/css/style.css
Notifying browser that CSS file changed: resources/public/css/style.css
Notifying browser that CSS file changed: resources/public/css/style.css
Notifying browser that CSS file changed: resources/public/css/style.css
Notifying browser that CSS file changed: resources/public/css/style.css
Notifying browser that CSS file changed: resources/public/css/style.css
Notifying browser that CSS file changed: resources/public/css/style.css
Notifying browser that CSS file changed: resources/public/css/style.css
[0mCompiling "resources/public/js/dev.js" from ["src/instatube/cljs"]...[0m
[32mSuccessfully compiled "resources/public/js/dev.js" in 0.33 seconds.[0m
notifying browser that file changed:  resources/public/js/cljs-dev/instatube/core.js
[0mCompiling "resources/public/js/dev.js" from ["src/instatube/cljs"]...[0m
[32mSuccessfully compiled "resources/public/js/dev.js" in 0.311 seconds.[0m
notifying browser that file changed:  resources/public/js/cljs-dev/instatube/core.js
[0mCompiling "resources/public/js/dev.js" from ["src/instatube/cljs"]...[0m
[32mSuccessfully compiled "resources/public/js/dev.js" in 0.319 seconds.[0m
notifying browser that file changed:  resources/public/js/cljs-dev/instatube/core.js
[0mCompiling "resources/public/js/dev.js" from ["src/instatube/cljs"]...[0m
[32mSuccessfully compiled "resources/public/js/dev.js" in 0.339 seconds.[0m
notifying browser that file changed:  resources/public/js/cljs-dev/instatube/core.js
[0mCompiling "resources/public/js/dev.js" from ["src/instatube/cljs"]...[0m
[32mSuccessfully compiled "resources/public/js/dev.js" in 0.319 seconds.[0m
notifying browser that file changed:  resources/public/js/cljs-dev/instatube/core.js
[0mCompiling "resources/public/js/dev.js" from ["src/instatube/cljs"]...[0m
[32mSuccessfully compiled "resources/public/js/dev.js" in 0.326 seconds.[0m
notifying browser that file changed:  resources/public/js/cljs-dev/instatube/core.js
[0mCompiling "resources/public/js/dev.js" from ["src/instatube/cljs"]...[0m
[32mSuccessfully compiled "resources/public/js/dev.js" in 0.32 seconds.[0m
notifying browser that file changed:  resources/public/js/cljs-dev/instatube/core.js
[0mCompiling "resources/public/js/dev.js" from ["src/instatube/cljs"]...[0m
[32mSuccessfully compiled "resources/public/js/dev.js" in 0.298 seconds.[0m
notifying browser that file changed:  resources/public/js/cljs-dev/instatube/core.js
[0mCompiling "resources/public/js/dev.js" from ["src/instatube/cljs"]...[0m
[31mFailed to compile "resources/public/js/dev.js" in 0.267 seconds.[0m
[36m----  Could not Read  src/instatube/cljs/core.cljs   line:104 ----[0m

  [1m/home/mohamed/workspace/clojure/cljs/instatube/src/instatube/cljs/core.cljs [line 104, col 108] The map literal starting with :class on line 102 column 15 contains 7 form(s). Map literals must contain an even number of forms.[0m

  [36m102[0m  [36m        [:img {:class "media-object"[0m
  [36m103[0m  [36m               :alt ""[0m
  [33m104[0m  [1m               :src "ehfeh.img" (comment (get-in video [:snippet :description :thumbnails :default :url]))}]]]])])[0m
  [0m   [0m  [33m               /home/mohamed/workspace/clojure/cljs/instatube/src/instatube/cljs/core.cljs [line 104, col 108] The map literal starting with :class on line 102 column 15 contains 7 form(s). Map literals must contain an even number of forms.[0m
  [36m105[0m  [36m[0m
  [36m106[0m  [36m(defn app [][0m
  [36m107[0m  [36m  [:div {:class "container"}[0m

[36m----  Reader Error : Please see src/instatube/cljs/core.cljs  ----[0m
[0mCompiling "resources/public/js/dev.js" from ["src/instatube/cljs"]...[0m
[32mSuccessfully compiled "resources/public/js/dev.js" in 0.297 seconds.[0m
notifying browser that file changed:  resources/public/js/cljs-dev/instatube/core.js
[0mCompiling "resources/public/js/dev.js" from ["src/instatube/cljs"]...[0m
[31mFailed to compile "resources/public/js/dev.js" in 0.223 seconds.[0m
[36m----  Could not Read  src/instatube/cljs/core.cljs   line:98 ----[0m

  [1m/home/mohamed/workspace/clojure/cljs/instatube/src/instatube/cljs/core.cljs [line 98, col 50] The map literal starting with :class on line 96 column 11 contains 5 form(s). Map literals must contain an even number of forms.[0m

  [36m 96[0m  [36m     [:li {:class "list-group-item"[0m
  [36m 97[0m  [36m           :on-click (fn [] (* 3 2))[0m
  [33m 98[0m  [1m           ^:key (get-in video [:snippet :etag])}[0m
  [0m   [0m  [33m           /home/mohamed/workspace/clojure/cljs/instatube/src/instatube/cljs/core.cljs [line 98, col 50] The map literal starting with :class on line 96 column 11 contains 5 form(s). Map literals must contain an even number of forms.[0m
  [36m 99[0m  [36m      [:div {:class "video-list media"}[0m
  [36m100[0m  [36m[0m
  [36m101[0m  [36m       [:div {:class "media-left"}[0m

[36m----  Reader Error : Please see src/instatube/cljs/core.cljs  ----[0m
[0mCompiling "resources/public/js/dev.js" from ["src/instatube/cljs"]...[0m
[32mSuccessfully compiled "resources/public/js/dev.js" in 0.34 seconds.[0m
notifying browser that file changed:  resources/public/js/cljs-dev/instatube/core.js
[0mCompiling "resources/public/js/dev.js" from ["src/instatube/cljs"]...[0m
[31mFailed to compile "resources/public/js/dev.js" in 0.229 seconds.[0m
[36m----  Could not Read  src/instatube/cljs/core.cljs   line:98 ----[0m

  [1m/home/mohamed/workspace/clojure/cljs/instatube/src/instatube/cljs/core.cljs [line 98, col 50] The map literal starting with :class on line 96 column 11 contains 5 form(s). Map literals must contain an even number of forms.[0m

  [36m 96[0m  [36m     [:li {:class "list-group-item"[0m
  [36m 97[0m  [36m           :on-click (fn [] (* 3 2))[0m
  [33m 98[0m  [1m           ^:key (get-in video [:snippet :etag])}[0m
  [0m   [0m  [33m           /home/mohamed/workspace/clojure/cljs/instatube/src/instatube/cljs/core.cljs [line 98, col 50] The map literal starting with :class on line 96 column 11 contains 5 form(s). Map literals must contain an even number of forms.[0m
  [36m 99[0m  [36m      [:div {:class "video-list media"}[0m
  [36m100[0m  [36m[0m
  [36m101[0m  [36m       [:div {:class "media-left"}[0m

[36m----  Reader Error : Please see src/instatube/cljs/core.cljs  ----[0m
[0mCompiling "resources/public/js/dev.js" from ["src/instatube/cljs"]...[0m
[32mSuccessfully compiled "resources/public/js/dev.js" in 0.31 seconds.[0m
notifying browser that file changed:  resources/public/js/cljs-dev/instatube/core.js
[0mCompiling "resources/public/js/dev.js" from ["src/instatube/cljs"]...[0m
[31mFailed to compile "resources/public/js/dev.js" in 0.246 seconds.[0m
[36m----  Could not Analyze  src/instatube/cljs/core.cljs   line:95  column:4  ----[0m

  [1mWrong number of args (3) passed to: core/for[0m

  [36m93[0m  [36m[:div {:class "col-md-4"}][0m
  [36m94[0m  [36m[:ul {:class "list-group"}[0m
  [33m95[0m  [1m (for [video videos][0m
  [0m  [0m  [33m ^--- Wrong number of args (3) passed to: core/for[0m
  [36m96[0m  [36m   (js/console.log video)[0m
  [36m97[0m  [36m   [:li {:class "list-group-item"[0m
  [36m98[0m  [36m         :on-click (fn [] (* 3 2))[0m

[36m----  Analysis Error : Please see src/instatube/cljs/core.cljs  ----[0m
[0mCompiling "resources/public/js/dev.js" from ["src/instatube/cljs"]...[0m
[32mSuccessfully compiled "resources/public/js/dev.js" in 0.3 seconds.[0m
notifying browser that file changed:  resources/public/js/cljs-dev/instatube/core.js
[0mCompiling "resources/public/js/dev.js" from ["src/instatube/cljs"]...[0m
[32mSuccessfully compiled "resources/public/js/dev.js" in 0.317 seconds.[0m
notifying browser that file changed:  resources/public/js/cljs-dev/instatube/core.js
[0mCompiling "resources/public/js/dev.js" from ["src/instatube/cljs"]...[0m
[32mSuccessfully compiled "resources/public/js/dev.js" in 0.322 seconds.[0m
notifying browser that file changed:  resources/public/js/cljs-dev/instatube/core.js
[0mCompiling "resources/public/js/dev.js" from ["src/instatube/cljs"]...[0m
[32mSuccessfully compiled "resources/public/js/dev.js" in 0.307 seconds.[0m
notifying browser that file changed:  resources/public/js/cljs-dev/instatube/core.js
[0mCompiling "resources/public/js/dev.js" from ["src/instatube/cljs"]...[0m
[32mSuccessfully compiled "resources/public/js/dev.js" in 0.325 seconds.[0m
notifying browser that file changed:  resources/public/js/cljs-dev/instatube/core.js
[0mCompiling "resources/public/js/dev.js" from ["src/instatube/cljs"]...[0m
[32mSuccessfully compiled "resources/public/js/dev.js" in 0.306 seconds.[0m
notifying browser that file changed:  resources/public/js/cljs-dev/instatube/core.js
[0mCompiling "resources/public/js/dev.js" from ["src/instatube/cljs"]...[0m
[32mSuccessfully compiled "resources/public/js/dev.js" in 0.327 seconds.[0m
notifying browser that file changed:  resources/public/js/cljs-dev/instatube/core.js
[0mCompiling "resources/public/js/dev.js" from ["src/instatube/cljs"]...[0m
[32mSuccessfully compiled "resources/public/js/dev.js" in 0.303 seconds.[0m
notifying browser that file changed:  resources/public/js/cljs-dev/instatube/core.js
Notifying browser that CSS file changed: resources/public/css/style.css
Notifying browser that CSS file changed: resources/public/css/style.css
Notifying browser that CSS file changed: resources/public/css/style.css
Notifying browser that CSS file changed: resources/public/css/style.css
Notifying browser that CSS file changed: resources/public/css/style.css
Notifying browser that CSS file changed: resources/public/css/style.css
Notifying browser that CSS file changed: resources/public/css/style.css
Notifying browser that CSS file changed: resources/public/css/style.css
Notifying browser that CSS file changed: resources/public/css/style.css
Notifying browser that CSS file changed: resources/public/css/style.css
Notifying browser that CSS file changed: resources/public/css/style.css
Notifying browser that CSS file changed: resources/public/css/style.css
Notifying browser that CSS file changed: resources/public/css/style.css
Notifying browser that CSS file changed: resources/public/css/style.css
Notifying browser that CSS file changed: resources/public/css/style.css
Notifying browser that CSS file changed: resources/public/css/style.css
[0mCompiling "resources/public/js/dev.js" from ["src/instatube/cljs"]...[0m
[32mSuccessfully compiled "resources/public/js/dev.js" in 0.255 seconds.[0m
[0mCompiling "resources/public/js/dev.js" from ["src/instatube/cljs"]...[0m
[32mSuccessfully compiled "resources/public/js/dev.js" in 0.282 seconds.[0m
notifying browser that file changed:  resources/public/js/dev.js
notifying browser that file changed:  resources/public/js/cljs-dev/instatube/video_list.js
[0mCompiling "resources/public/js/dev.js" from ["src/instatube/cljs"]...[0m
[32mSuccessfully compiled "resources/public/js/dev.js" in 0.298 seconds.[0m
notifying browser that file changed:  resources/public/js/dev.js
notifying browser that file changed:  resources/public/js/cljs-dev/instatube/core.js
Notifying browser that CSS file changed: resources/public/css/style.css
Notifying browser that CSS file changed: resources/public/css/style.css
[0mCompiling "resources/public/js/dev.js" from ["src/instatube/cljs"]...[0m
[32mSuccessfully compiled "resources/public/js/dev.js" in 0.301 seconds.[0m
notifying browser that file changed:  resources/public/js/cljs-dev/instatube/core.js
[0mCompiling "resources/public/js/dev.js" from ["src/instatube/cljs"]...[0m
[32mSuccessfully compiled "resources/public/js/dev.js" in 0.301 seconds.[0m
notifying browser that file changed:  resources/public/js/cljs-dev/instatube/core.js
[0mCompiling "resources/public/js/dev.js" from ["src/instatube/cljs"]...[0m
[32mSuccessfully compiled "resources/public/js/dev.js" in 0.288 seconds.[0m
notifying browser that file changed:  resources/public/js/cljs-dev/instatube/core.js
[0mCompiling "resources/public/js/dev.js" from ["src/instatube/cljs"]...[0m
[32mSuccessfully compiled "resources/public/js/dev.js" in 0.323 seconds.[0m
notifying browser that file changed:  resources/public/js/cljs-dev/instatube/core.js
[0mCompiling "resources/public/js/dev.js" from ["src/instatube/cljs"]...[0m
[32mSuccessfully compiled "resources/public/js/dev.js" in 0.287 seconds.[0m
notifying browser that file changed:  resources/public/js/cljs-dev/instatube/core.js
[0mCompiling "resources/public/js/dev.js" from ["src/instatube/cljs"]...[0m
[36m----  Compiler Warning on   src/instatube/cljs/core.cljs   line:40  column:37  ----[0m

  [1mUse of undeclared Var instatube.core/active-video[0m

  [36m37[0m  [36m   :update-video-result-set (fn [{:keys [videos]}][0m
  [36m38[0m  [36m                              (swap! app-state assoc-in [:videos] videos))[0m
  [36m39[0m  [36m[0m
  [33m40[0m  [1m   :update-active-video (fn [{:key [active-video]}][0m
  [0m  [0m  [33m                                    ^--- Use of undeclared Var instatube.core/active-video[0m
  [36m41[0m  [36m                          (swap! app-state assoc-in [:active-video] active-video))[0m
  [36m42[0m  [36m   [0m
  [36m43[0m  [36m   :query-youtube-search (fn [{:keys [term]}][0m
  [36m44[0m  [36m                           (ajax/GET[0m
  [36m45[0m  [36m                            ;; search URI[0m

[36m----  Compiler Warning : Please see src/instatube/cljs/core.cljs  ----[0m
[36m----  Compiler Warning on   src/instatube/cljs/core.cljs   line:41  column:69  ----[0m

  [1mUse of undeclared Var instatube.core/active-video[0m

  [36m37[0m  [36m   :update-video-result-set (fn [{:keys [videos]}][0m
  [36m38[0m  [36m                              (swap! app-state assoc-in [:videos] videos))[0m
  [36m39[0m  [36m[0m
  [36m40[0m  [36m   :update-active-video (fn [{:key [active-video]}][0m
  [33m41[0m  [1m                          (swap! app-state assoc-in [:active-video] active-video))[0m
  [0m  [0m  [33m                                                                    ^--- Use of undeclared Var instatube.core/active-video[0m
  [36m42[0m  [36m   [0m
  [36m43[0m  [36m   :query-youtube-search (fn [{:keys [term]}][0m
  [36m44[0m  [36m                           (ajax/GET[0m
  [36m45[0m  [36m                            ;; search URI[0m
  [36m46[0m  [36m                            "https://www.googleapis.com/youtube/v3/search"[0m

[36m----  Compiler Warning : Please see src/instatube/cljs/core.cljs  ----[0m
[32mSuccessfully compiled "resources/public/js/dev.js" in 0.36 seconds.[0m
notifying browser that file changed:  resources/public/js/cljs-dev/instatube/core.js
[0mCompiling "resources/public/js/dev.js" from ["src/instatube/cljs"]...[0m
[32mSuccessfully compiled "resources/public/js/dev.js" in 0.296 seconds.[0m
notifying browser that file changed:  resources/public/js/cljs-dev/instatube/core.js
[0mCompiling "resources/public/js/dev.js" from ["src/instatube/cljs"]...[0m
[32mSuccessfully compiled "resources/public/js/dev.js" in 0.294 seconds.[0m
notifying browser that file changed:  resources/public/js/cljs-dev/instatube/core.js
[0mCompiling "resources/public/js/dev.js" from ["src/instatube/cljs"]...[0m
[32mSuccessfully compiled "resources/public/js/dev.js" in 0.292 seconds.[0m
notifying browser that file changed:  resources/public/js/cljs-dev/instatube/core.js
[0mCompiling "resources/public/js/dev.js" from ["src/instatube/cljs"]...[0m
[32mSuccessfully compiled "resources/public/js/dev.js" in 0.303 seconds.[0m
notifying browser that file changed:  resources/public/js/cljs-dev/instatube/core.js
[0mCompiling "resources/public/js/dev.js" from ["src/instatube/cljs"]...[0m
[32mSuccessfully compiled "resources/public/js/dev.js" in 0.314 seconds.[0m
notifying browser that file changed:  resources/public/js/dev.js
notifying browser that file changed:  resources/public/js/cljs-dev/instatube/video_list.js
[0mCompiling "resources/public/js/dev.js" from ["src/instatube/cljs"]...[0m
[32mSuccessfully compiled "resources/public/js/dev.js" in 0.29 seconds.[0m
notifying browser that file changed:  resources/public/js/cljs-dev/instatube/core.js
[0mCompiling "resources/public/js/dev.js" from ["src/instatube/cljs"]...[0m
[36m----  Compiler Warning on   src/instatube/cljs/core.cljs   line:79  column:13  ----[0m

  [1mUse of undeclared Var instatube.core/x[0m

  [36m75[0m  [36m             :allow-full-screen "allowfullscreen"[0m
  [36m76[0m  [36m             :frame-border 0[0m
  [36m77[0m  [36m             :src (str "https://www.youtube.com/embed/" videoId)}]])[0m
  [36m78[0m  [36m[0m
  [33m79[0m  [1m(defn app []x[0m
  [0m  [0m  [33m            ^--- Use of undeclared Var instatube.core/x[0m
  [36m80[0m  [36m  [:div {:class "container"}[0m
  [36m81[0m  [36m   [:div {:class "row"}[0m
  [36m82[0m  [36m    [header EVENTCHANNEL app-state]][0m
  [36m83[0m  [36m   [:div {:class "row"}[0m
  [36m84[0m  [36m    [video-container (:active-video @app-state)][0m

[36m----  Compiler Warning : Please see src/instatube/cljs/core.cljs  ----[0m
[32mSuccessfully compiled "resources/public/js/dev.js" in 0.345 seconds.[0m
notifying browser that file changed:  resources/public/js/cljs-dev/instatube/core.js
[0mCompiling "resources/public/js/dev.js" from ["src/instatube/cljs"]...[0m
[32mSuccessfully compiled "resources/public/js/dev.js" in 0.313 seconds.[0m
notifying browser that file changed:  resources/public/js/cljs-dev/instatube/core.js
[0mCompiling "resources/public/js/dev.js" from ["src/instatube/cljs"]...[0m
[32mSuccessfully compiled "resources/public/js/dev.js" in 0.319 seconds.[0m
notifying browser that file changed:  resources/public/js/cljs-dev/instatube/core.js
[0mCompiling "resources/public/js/dev.js" from ["src/instatube/cljs"]...[0m
[32mSuccessfully compiled "resources/public/js/dev.js" in 0.302 seconds.[0m
notifying browser that file changed:  resources/public/js/cljs-dev/instatube/core.js
[0mCompiling "resources/public/js/dev.js" from ["src/instatube/cljs"]...[0m
[32mSuccessfully compiled "resources/public/js/dev.js" in 0.304 seconds.[0m
notifying browser that file changed:  resources/public/js/cljs-dev/instatube/core.js
[0mCompiling "resources/public/js/dev.js" from ["src/instatube/cljs"]...[0m
[32mSuccessfully compiled "resources/public/js/dev.js" in 0.32 seconds.[0m
notifying browser that file changed:  resources/public/js/cljs-dev/instatube/core.js
[0mCompiling "resources/public/js/dev.js" from ["src/instatube/cljs"]...[0m
[32mSuccessfully compiled "resources/public/js/dev.js" in 0.327 seconds.[0m
notifying browser that file changed:  resources/public/js/cljs-dev/instatube/core.js
[0mCompiling "resources/public/js/dev.js" from ["src/instatube/cljs"]...[0m
[32mSuccessfully compiled "resources/public/js/dev.js" in 0.295 seconds.[0m
notifying browser that file changed:  resources/public/js/cljs-dev/instatube/core.js
[0mCompiling "resources/public/js/dev.js" from ["src/instatube/cljs"]...[0m
[32mSuccessfully compiled "resources/public/js/dev.js" in 0.299 seconds.[0m
notifying browser that file changed:  resources/public/js/cljs-dev/instatube/core.js
[0mCompiling "resources/public/js/dev.js" from ["src/instatube/cljs"]...[0m
[32mSuccessfully compiled "resources/public/js/dev.js" in 0.326 seconds.[0m
notifying browser that file changed:  resources/public/js/cljs-dev/instatube/core.js
[0mCompiling "resources/public/js/dev.js" from ["src/instatube/cljs"]...[0m
[31mFailed to compile "resources/public/js/dev.js" in 0.244 seconds.[0m
[36m----  Could not Read  src/instatube/cljs/core.cljs   line:78 ----[0m

  [1m/home/mohamed/workspace/clojure/cljs/instatube/src/instatube/cljs/core.cljs [line 78, col 56] Invalid symbol: https://www.youtube.com/embed/.[0m

  [36m76[0m  [36m              :allow-full-screen "[0m
  [36m77[0m  [36m              :frame-border 0[0m
  [33m78[0m  [1m              :src (str "https://www.youtube.com/embed/" videoId)}]]])[0m
  [0m  [0m  [33m              /home/mohamed/workspace/clojure/cljs/instatube/src/instatube/cljs/core.cljs [line 78, col 56] Invalid symbol: https://www.youtube.com/embed/.[0m
  [36m79[0m  [36m[0m
  [36m80[0m  [36m(defn app [][0m
  [36m81[0m  [36m  [:div {:class "container"}[0m

[36m----  Reader Error : Please see src/instatube/cljs/core.cljs  ----[0m
[0mCompiling "resources/public/js/dev.js" from ["src/instatube/cljs"]...[0m
[32mSuccessfully compiled "resources/public/js/dev.js" in 0.309 seconds.[0m
notifying browser that file changed:  resources/public/js/cljs-dev/instatube/core.js
[0mCompiling "resources/public/js/dev.js" from ["src/instatube/cljs"]...[0m
[32mSuccessfully compiled "resources/public/js/dev.js" in 0.298 seconds.[0m
notifying browser that file changed:  resources/public/js/cljs-dev/instatube/core.js
[0mCompiling "resources/public/js/dev.js" from ["src/instatube/cljs"]...[0m
[32mSuccessfully compiled "resources/public/js/dev.js" in 0.303 seconds.[0m
notifying browser that file changed:  resources/public/js/cljs-dev/instatube/core.js
[0mCompiling "resources/public/js/dev.js" from ["src/instatube/cljs"]...[0m
[32mSuccessfully compiled "resources/public/js/dev.js" in 0.311 seconds.[0m
notifying browser that file changed:  resources/public/js/cljs-dev/instatube/header.js
[0mCompiling "resources/public/js/dev.js" from ["src/instatube/cljs"]...[0m
[32mSuccessfully compiled "resources/public/js/dev.js" in 0.309 seconds.[0m
notifying browser that file changed:  resources/public/js/cljs-dev/instatube/header.js
[0mCompiling "resources/public/js/dev.js" from ["src/instatube/cljs"]...[0m
[32mSuccessfully compiled "resources/public/js/dev.js" in 0.32 seconds.[0m
notifying browser that file changed:  resources/public/js/cljs-dev/instatube/header.js
[0mCompiling "resources/public/js/dev.js" from ["src/instatube/cljs"]...[0m
[32mSuccessfully compiled "resources/public/js/dev.js" in 0.298 seconds.[0m
notifying browser that file changed:  resources/public/js/cljs-dev/instatube/core.js
[0mCompiling "resources/public/js/dev.js" from ["src/instatube/cljs"]...[0m
[32mSuccessfully compiled "resources/public/js/dev.js" in 0.296 seconds.[0m
notifying browser that file changed:  resources/public/js/cljs-dev/instatube/core.js
[0mCompiling "resources/public/js/dev.js" from ["src/instatube/cljs"]...[0m
[32mSuccessfully compiled "resources/public/js/dev.js" in 0.301 seconds.[0m
notifying browser that file changed:  resources/public/js/cljs-dev/instatube/core.js
[0mCompiling "resources/public/js/dev.js" from ["src/instatube/cljs"]...[0m
[32mSuccessfully compiled "resources/public/js/dev.js" in 0.296 seconds.[0m
notifying browser that file changed:  resources/public/js/cljs-dev/instatube/core.js
[0mCompiling "resources/public/js/dev.js" from ["src/instatube/cljs"]...[0m
[32mSuccessfully compiled "resources/public/js/dev.js" in 1.091 seconds.[0m
notifying browser that file changed:  resources/public/js/dev.js
notifying browser that file changed:  resources/public/js/cljs-dev/goog/deps.js
notifying browser that file changed:  resources/public/js/cljs-dev/instatube/core.js
[0mCompiling "resources/public/js/dev.js" from ["src/instatube/cljs"]...[0m
[32mSuccessfully compiled "resources/public/js/dev.js" in 0.331 seconds.[0m
notifying browser that file changed:  resources/public/js/cljs-dev/instatube/core.js
[0mCompiling "resources/public/js/dev.js" from ["src/instatube/cljs"]...[0m
[32mSuccessfully compiled "resources/public/js/dev.js" in 0.366 seconds.[0m
notifying browser that file changed:  resources/public/js/cljs-dev/instatube/core.js
[0mCompiling "resources/public/js/dev.js" from ["src/instatube/cljs"]...[0m
[32mSuccessfully compiled "resources/public/js/dev.js" in 0.332 seconds.[0m
notifying browser that file changed:  resources/public/js/cljs-dev/instatube/core.js
[0mCompiling "resources/public/js/dev.js" from ["src/instatube/cljs"]...[0m
[32mSuccessfully compiled "resources/public/js/dev.js" in 0.321 seconds.[0m
notifying browser that file changed:  resources/public/js/cljs-dev/instatube/core.js
[0mCompiling "resources/public/js/dev.js" from ["src/instatube/cljs"]...[0m
[32mSuccessfully compiled "resources/public/js/dev.js" in 0.33 seconds.[0m
notifying browser that file changed:  resources/public/js/cljs-dev/instatube/core.js
[0mCompiling "resources/public/js/dev.js" from ["src/instatube/cljs"]...[0m
[32mSuccessfully compiled "resources/public/js/dev.js" in 0.312 seconds.[0m
notifying browser that file changed:  resources/public/js/cljs-dev/instatube/core.js
[0mCompiling "resources/public/js/dev.js" from ["src/instatube/cljs"]...[0m
[32mSuccessfully compiled "resources/public/js/dev.js" in 0.351 seconds.[0m
notifying browser that file changed:  resources/public/js/cljs-dev/instatube/core.js
[0mCompiling "resources/public/js/dev.js" from ["src/instatube/cljs"]...[0m
[32mSuccessfully compiled "resources/public/js/dev.js" in 0.362 seconds.[0m
notifying browser that file changed:  resources/public/js/cljs-dev/instatube/video_list.js
Notifying browser that CSS file changed: resources/public/css/style.css
[0mCompiling "resources/public/js/dev.js" from ["src/instatube/cljs"]...[0m
[32mSuccessfully compiled "resources/public/js/dev.js" in 0.349 seconds.[0m
notifying browser that file changed:  resources/public/js/cljs-dev/instatube/core.js
Notifying browser that CSS file changed: resources/public/css/style.css
Notifying browser that CSS file changed: resources/public/css/style.css
Notifying browser that CSS file changed: resources/public/css/style.css
Notifying browser that CSS file changed: resources/public/css/style.css
Notifying browser that CSS file changed: resources/public/css/style.css
Notifying browser that CSS file changed: resources/public/css/style.css
Notifying browser that CSS file changed: resources/public/css/style.css
Notifying browser that CSS file changed: resources/public/css/style.css
Notifying browser that CSS file changed: resources/public/css/style.css
Notifying browser that CSS file changed: resources/public/css/style.css
Notifying browser that CSS file changed: resources/public/css/style.css
Notifying browser that CSS file changed: resources/public/css/style.css
Notifying browser that CSS file changed: resources/public/css/style.css
Notifying browser that CSS file changed: resources/public/css/style.css
[0mCompiling "resources/public/js/dev.js" from ["src/instatube/cljs"]...[0m
[32mSuccessfully compiled "resources/public/js/dev.js" in 0.351 seconds.[0m
notifying browser that file changed:  resources/public/js/dev.js
notifying browser that file changed:  resources/public/js/cljs-dev/instatube/video_list.js
[0mCompiling "resources/public/js/dev.js" from ["src/instatube/cljs"]...[0m
[32mSuccessfully compiled "resources/public/js/dev.js" in 0.332 seconds.[0m
notifying browser that file changed:  resources/public/js/cljs-dev/instatube/core.js
[0mCompiling "resources/public/js/dev.js" from ["src/instatube/cljs"]...[0m
[32mSuccessfully compiled "resources/public/js/dev.js" in 0.346 seconds.[0m
notifying browser that file changed:  resources/public/js/cljs-dev/instatube/core.js
[0mCompiling "resources/public/js/dev.js" from ["src/instatube/cljs"]...[0m
[32mSuccessfully compiled "resources/public/js/dev.js" in 0.306 seconds.[0m
notifying browser that file changed:  resources/public/js/cljs-dev/instatube/core.js
[0mCompiling "resources/public/js/dev.js" from ["src/instatube/cljs"]...[0m
[32mSuccessfully compiled "resources/public/js/dev.js" in 0.32 seconds.[0m
notifying browser that file changed:  resources/public/js/cljs-dev/instatube/core.js
[0mCompiling "resources/public/js/dev.js" from ["src/instatube/cljs"]...[0m
[32mSuccessfully compiled "resources/public/js/dev.js" in 0.307 seconds.[0m
notifying browser that file changed:  resources/public/js/cljs-dev/instatube/core.js
[0mCompiling "resources/public/js/dev.js" from ["src/instatube/cljs"]...[0m
[32mSuccessfully compiled "resources/public/js/dev.js" in 0.307 seconds.[0m
notifying browser that file changed:  resources/public/js/cljs-dev/instatube/core.js
[0mCompiling "resources/public/js/dev.js" from ["src/instatube/cljs"]...[0m
[32mSuccessfully compiled "resources/public/js/dev.js" in 0.322 seconds.[0m
notifying browser that file changed:  resources/public/js/cljs-dev/instatube/core.js
